<?xml version="1.0" encoding="UTF-8"?>
<!-- Generated by org.testng.reporters.JUnitReportReporter -->
<testsuite hostname="LAPTOP-7B0L5NS5" failures="0" tests="2" name="CP.CP_Test" time="19.827" errors="0" timestamp="2024-02-14T17:03:44 EST" skipped="0">
  <testcase classname="CP.CP_Test" name="registration_with_valid_data" time="9.513"/>
  <system-out/>
  <testcase classname="CP.CP_Test" name="ReTypeWrongPass" time="10.314"/>
  <system-out/>
</testsuite> <!-- CP.CP_Test -->
