<?xml version="1.0" encoding="UTF-8"?>
<!-- Generated by org.testng.reporters.JUnitReportReporter -->
<testsuite hostname="LAPTOP-7B0L5NS5" failures="0" tests="6" name="CP.CP_Test" time="108.266" errors="0" timestamp="2024-02-19T13:30:38 EST" skipped="0">
  <testcase classname="CP.CP_Test" name="registration_with_valid_data" time="20.687"/>
  <system-out/>
  <testcase classname="CP.CP_Test" name="registration_with_valid_data" time="26.955"/>
  <system-out/>
  <testcase classname="CP.CP_Test" name="registration_with_valid_data" time="21.550"/>
  <system-out/>
  <testcase classname="CP.CP_Test" name="ReTypeWrongPass" time="10.674"/>
  <system-out/>
  <testcase classname="CP.CP_Test" name="ReTypeWrongPass" time="9.931"/>
  <system-out/>
  <testcase classname="CP.CP_Test" name="ReTypeWrongPass" time="18.469"/>
  <system-out/>
</testsuite> <!-- CP.CP_Test -->
