<?xml version="1.0" encoding="UTF-8"?>
<!-- Generated by org.testng.reporters.JUnitReportReporter -->
<testsuite hostname="LAPTOP-7B0L5NS5" failures="0" tests="6" name="CP.CP_Test" time="134.034" errors="0" timestamp="2024-02-19T01:12:30 EST" skipped="0">
  <testcase classname="CP.CP_Test" name="registration_with_valid_data" time="29.287"/>
  <system-out/>
  <testcase classname="CP.CP_Test" name="registration_with_valid_data" time="32.889"/>
  <system-out/>
  <testcase classname="CP.CP_Test" name="registration_with_valid_data" time="17.450"/>
  <system-out/>
  <testcase classname="CP.CP_Test" name="ReTypeWrongPass" time="9.683"/>
  <system-out/>
  <testcase classname="CP.CP_Test" name="ReTypeWrongPass" time="11.885"/>
  <system-out/>
  <testcase classname="CP.CP_Test" name="ReTypeWrongPass" time="32.840"/>
  <system-out/>
</testsuite> <!-- CP.CP_Test -->
