<?xml version="1.0" encoding="UTF-8"?>
<!-- Generated by org.testng.reporters.JUnitReportReporter -->
<testsuite hostname="LAPTOP-7B0L5NS5" failures="0" tests="3" name="CP.TestClassCP" time="63.520" errors="0" timestamp="2024-02-21T10:28:29 EST" skipped="0">
  <testcase classname="CP.TestClassCP" name="registration_with_valid_data" time="20.428"/>
  <system-out/>
  <testcase classname="CP.TestClassCP" name="registration_with_valid_data" time="22.656"/>
  <system-out/>
  <testcase classname="CP.TestClassCP" name="registration_with_valid_data" time="20.436"/>
  <system-out/>
</testsuite> <!-- CP.TestClassCP -->
