<?xml version="1.0" encoding="UTF-8"?>
<!-- Generated by org.testng.reporters.JUnitReportReporter -->
<testsuite hostname="LAPTOP-7B0L5NS5" failures="0" tests="2" name="CP.CP_Test" time="11.515" errors="0" timestamp="2024-02-16T10:28:04 EST" skipped="0">
  <testcase classname="CP.CP_Test" name="registration_with_valid_data" time="6.246"/>
  <system-out/>
  <testcase classname="CP.CP_Test" name="ReTypeWrongPass" time="5.269"/>
  <system-out/>
</testsuite> <!-- CP.CP_Test -->
